<?xml version="1.0" encoding="UTF-8"?>
<testng-results ignored="0" total="2" passed="2" failed="0" skipped="0">
  <reporter-output>
  </reporter-output>
  <suite started-at="2025-02-20T00:50:48 IST" name="API Test Suite" finished-at="2025-02-20T00:50:52 IST" duration-ms="3664">
    <groups>
      <group name="fetch">
        <method signature="GetBookingById.getBookDetails()[pri:0, instance:com.apar.testscripts.GetBookingById@358ee631]" name="getBookDetails" class="com.apar.testscripts.GetBookingById"/>
      </group> <!-- fetch -->
      <group name="create">
        <method signature="CreateBooking.createBooking()[pri:0, instance:com.apar.testscripts.CreateBooking@7d3a22a9]" name="createBooking" class="com.apar.testscripts.CreateBooking"/>
      </group> <!-- create -->
    </groups>
    <test started-at="2025-02-20T00:50:48 IST" name="Booking Tests" finished-at="2025-02-20T00:50:52 IST" duration-ms="3664">
      <class name="com.apar.testscripts.CreateBooking">
        <test-method signature="createBooking()[pri:0, instance:com.apar.testscripts.CreateBooking@7d3a22a9]" started-at="2025-02-20T00:50:48 IST" name="createBooking" finished-at="2025-02-20T00:50:51 IST" duration-ms="2414" status="PASS">
          <reporter-output>
          </reporter-output>
        </test-method> <!-- createBooking -->
      </class> <!-- com.apar.testscripts.CreateBooking -->
      <class name="com.apar.testscripts.GetBookingById">
        <test-method signature="getBookDetails()[pri:0, instance:com.apar.testscripts.GetBookingById@358ee631]" started-at="2025-02-20T00:50:51 IST" name="getBookDetails" depends-on-groups="create" finished-at="2025-02-20T00:50:52 IST" duration-ms="1240" status="PASS">
          <reporter-output>
          </reporter-output>
        </test-method> <!-- getBookDetails -->
      </class> <!-- com.apar.testscripts.GetBookingById -->
    </test> <!-- Booking Tests -->
  </suite> <!-- API Test Suite -->
</testng-results>
